Start testing: Jun 03 20:01 CEST
----------------------------------------------------------
1/1 Testing: PalindromeTest
1/1 Test: PalindromeTest
Command: "/home/ja2/studia/ADV/build_systems/Exercises/task4/build/palindromeTests/PalindromeTest"
Directory: /home/ja2/studia/ADV/build_systems/Exercises/task4/build/palindromeTests
"PalindromeTest" start time: Jun 03 20:01 CEST
Output:
----------------------------------------------------------
[==========] Running 2 tests from 1 test case.
[----------] Global test environment set-up.
[----------] 2 tests from isPalindrome
[ RUN      ] isPalindrome.evenWordsLength
[       OK ] isPalindrome.evenWordsLength (0 ms)
[ RUN      ] isPalindrome.oddWordsLength
[       OK ] isPalindrome.oddWordsLength (0 ms)
[----------] 2 tests from isPalindrome (0 ms total)

[----------] Global test environment tear-down
[==========] 2 tests from 1 test case ran. (0 ms total)
[  PASSED  ] 2 tests.
<end of output>
Test time =   0.00 sec
----------------------------------------------------------
Test Passed.
"PalindromeTest" end time: Jun 03 20:01 CEST
"PalindromeTest" time elapsed: 00:00:00
----------------------------------------------------------

End testing: Jun 03 20:01 CEST
